# JRE version: OpenJDK Runtime Environment Temurin-21.0.12.1+1 (21.0.12.1+1) (build 21.0.12.1+1-LTS)
# Java VM: OpenJDK 64-Bit Server VM Temurin-21.0.12.1+1 (21.0.12.1+1-LTS, mixed mode, sharing, tiered, compressed oops, compressed class ptrs, parallel gc, windows-amd64)
GC Precious Log:
 CardTable entry size: 512
 CPUs: 8 total, 8 available
 Memory: 7952M
 Large Page Support: Disabled
 NUMA Support: Disabled
 Compressed Oops: Enabled (32-bit)
 Alignments: Space 512K, Generation 512K, Heap 2M
 Heap Min Capacity: 100M
 Heap Initial Capacity: 100M
 Heap Max Capacity: 2G
 Pre-touch: Disabled
 Parallel Workers: 8
Heap:
 PSYoungGen      total 4608K, used 4037K [0x00000000d5580000, 0x00000000d5d80000, 0x0000000100000000)
  eden space 4096K, 92% used [0x00000000d5580000,0x00000000d5931620,0x00000000d5980000)
  from space 512K, 50% used [0x00000000d5d00000,0x00000000d5d40000,0x00000000d5d80000)
  to   space 2048K, 0% used [0x00000000d5980000,0x00000000d5980000,0x00000000d5b80000)
 ParOldGen       total 733696K, used 472388K [0x0000000080000000, 0x00000000acc80000, 0x00000000d5580000)
  object space 733696K, 64% used [0x0000000080000000,0x000000009cd510d8,0x00000000acc80000)
 Metaspace       used 85104K, committed 86912K, reserved 1179648K
  class space    used 8743K, committed 9536K, reserved 1048576K
GC Heap History (20 events):
Event: 2910.802 GC heap before
{Heap before GC invocations=1245 (full 4):
 PSYoungGen      total 3584K, used 3392K [0x00000000d5580000, 0x00000000d5980000, 0x0000000100000000)
  eden space 3072K, 100% used [0x00000000d5580000,0x00000000d5880000,0x00000000d5880000)
  from space 512K, 62% used [0x00000000d5900000,0x00000000d5950000,0x00000000d5980000)
  to   space 512K, 0% used [0x00000000d5880000,0x00000000d5880000,0x00000000d5900000)
 ParOldGen       total 733696K, used 464665K [0x0000000080000000, 0x00000000acc80000, 0x00000000d5580000)
  object space 733696K, 63% used [0x0000000080000000,0x000000009c5c6668,0x00000000acc80000)
 Metaspace       used 85082K, committed 86912K, reserved 1179648K
  class space    used 8743K, committed 9536K, reserved 1048576K
}
Event: 2910.805 GC heap after
{Heap after GC invocations=1245 (full 4):
 PSYoungGen      total 3584K, used 288K [0x00000000d5580000, 0x00000000d5a80000, 0x0000000100000000)
  eden space 3072K, 0% used [0x00000000d5580000,0x00000000d5580000,0x00000000d5880000)
  from space 512K, 56% used [0x00000000d5880000,0x00000000d58c8000,0x00000000d5900000)
  to   space 512K, 0% used [0x00000000d5a00000,0x00000000d5a00000,0x00000000d5a80000)
 ParOldGen       total 733696K, used 464881K [0x0000000080000000, 0x00000000acc80000, 0x00000000d5580000)
  object space 733696K, 63% used [0x0000000080000000,0x000000009c5fc688,0x00000000acc80000)
 Metaspace       used 85082K, committed 86912K, reserved 1179648K
  class space    used 8743K, committed 9536K, reserved 1048576K
}
Event: 2910.811 GC heap before
{Heap before GC invocations=1246 (full 4):
 PSYoungGen      total 3584K, used 3359K [0x00000000d5580000, 0x00000000d5a80000, 0x0000000100000000)
  eden space 3072K, 99% used [0x00000000d5580000,0x00000000d587fff0,0x00000000d5880000)
  from space 512K, 56% used [0x00000000d5880000,0x00000000d58c8000,0x00000000d5900000)
  to   space 512K, 0% used [0x00000000d5a00000,0x00000000d5a00000,0x00000000d5a80000)
 ParOldGen       total 733696K, used 464881K [0x0000000080000000, 0x00000000acc80000, 0x00000000d5580000)
  object space 733696K, 63% used [0x0000000080000000,0x000000009c5fc688,0x00000000acc80000)
 Metaspace       used 85082K, committed 86912K, reserved 1179648K
  class space    used 8743K, committed 9536K, reserved 1048576K
}
Event: 2910.823 GC heap after
{Heap after GC invocations=1246 (full 4):
 PSYoungGen      total 1536K, used 498K [0x00000000d5580000, 0x00000000d6080000, 0x0000000100000000)
  eden space 1024K, 0% used [0x00000000d5580000,0x00000000d5580000,0x00000000d5680000)
  from space 512K, 97% used [0x00000000d5a00000,0x00000000d5a7c9f0,0x00000000d5a80000)
  to   space 3584K, 0% used [0x00000000d5680000,0x00000000d5680000,0x00000000d5a00000)
 ParOldGen       total 733696K, used 467393K [0x0000000080000000, 0x00000000acc80000, 0x00000000d5580000)
  object space 733696K, 63% used [0x0000000080000000,0x000000009c8706a8,0x00000000acc80000)
 Metaspace       used 85082K, committed 86912K, reserved 1179648K
  class space    used 8743K, committed 9536K, reserved 1048576K
}
Event: 2910.826 GC heap before
{Heap before GC invocations=1247 (full 4):
 PSYoungGen      total 1536K, used 1522K [0x00000000d5580000, 0x00000000d6080000, 0x0000000100000000)
  eden space 1024K, 100% used [0x00000000d5580000,0x00000000d5680000,0x00000000d5680000)
  from space 512K, 97% used [0x00000000d5a00000,0x00000000d5a7c9f0,0x00000000d5a80000)
  to   space 3584K, 0% used [0x00000000d5680000,0x00000000d5680000,0x00000000d5a00000)
 ParOldGen       total 733696K, used 467393K [0x0000000080000000, 0x00000000acc80000, 0x00000000d5580000)
  object space 733696K, 63% used [0x0000000080000000,0x000000009c8706a8,0x00000000acc80000)
 Metaspace       used 85082K, committed 86912K, reserved 1179648K
  class space    used 8743K, committed 9536K, reserved 1048576K
}
Event: 2910.829 GC heap after
{Heap after GC invocations=1247 (full 4):
 PSYoungGen      total 1536K, used 192K [0x00000000d5580000, 0x00000000d5a80000, 0x0000000100000000)
  eden space 1024K, 0% used [0x00000000d5580000,0x00000000d5580000,0x00000000d5680000)
  from space 512K, 37% used [0x00000000d5680000,0x00000000d56b0000,0x00000000d5700000)
  to   space 1536K, 0% used [0x00000000d5900000,0x00000000d5900000,0x00000000d5a80000)
 ParOldGen       total 733696K, used 467449K [0x0000000080000000, 0x00000000acc80000, 0x00000000d5580000)
  object space 733696K, 63% used [0x0000000080000000,0x000000009c87e6a8,0x00000000acc80000)
 Metaspace       used 85082K, committed 86912K, reserved 1179648K
  class space    used 8743K, committed 9536K, reserved 1048576K
}
Event: 3191.192 GC heap before
{Heap before GC invocations=1248 (full 4):
 PSYoungGen      total 1536K, used 1215K [0x00000000d5580000, 0x00000000d5a80000, 0x0000000100000000)
  eden space 1024K, 99% used [0x00000000d5580000,0x00000000d567ffa8,0x00000000d5680000)
  from space 512K, 37% used [0x00000000d5680000,0x00000000d56b0000,0x00000000d5700000)
  to   space 1536K, 0% used [0x00000000d5900000,0x00000000d5900000,0x00000000d5a80000)
 ParOldGen       total 733696K, used 467449K [0x0000000080000000, 0x00000000acc80000, 0x00000000d5580000)
  object space 733696K, 63% used [0x0000000080000000,0x000000009c87e6a8,0x00000000acc80000)
 Metaspace       used 85087K, committed 86912K, reserved 1179648K
  class space    used 8743K, committed 9536K, reserved 1048576K
}
Event: 3191.342 GC heap after
{Heap after GC invocations=1248 (full 4):
 PSYoungGen      total 2048K, used 448K [0x00000000d5580000, 0x00000000d5980000, 0x0000000100000000)
  eden space 1536K, 0% used [0x00000000d5580000,0x00000000d5580000,0x00000000d5700000)
  from space 512K, 87% used [0x00000000d5900000,0x00000000d5970020,0x00000000d5980000)
  to   space 1024K, 0% used [0x00000000d5780000,0x00000000d5780000,0x00000000d5880000)
 ParOldGen       total 733696K, used 467497K [0x0000000080000000, 0x00000000acc80000, 0x00000000d5580000)
  object space 733696K, 63% used [0x0000000080000000,0x000000009c88a6a8,0x00000000acc80000)
 Metaspace       used 85087K, committed 86912K, reserved 1179648K
  class space    used 8743K, committed 9536K, reserved 1048576K
}
Event: 3191.556 GC heap before
{Heap before GC invocations=1249 (full 4):
 PSYoungGen      total 2048K, used 1984K [0x00000000d5580000, 0x00000000d5980000, 0x0000000100000000)
  eden space 1536K, 99% used [0x00000000d5580000,0x00000000d56ffff8,0x00000000d5700000)
  from space 512K, 87% used [0x00000000d5900000,0x00000000d5970020,0x00000000d5980000)
  to   space 1024K, 0% used [0x00000000d5780000,0x00000000d5780000,0x00000000d5880000)
 ParOldGen       total 733696K, used 467497K [0x0000000080000000, 0x00000000acc80000, 0x00000000d5580000)
  object space 733696K, 63% used [0x0000000080000000,0x000000009c88a6a8,0x00000000acc80000)
 Metaspace       used 85095K, committed 86912K, reserved 1179648K
  class space    used 8743K, committed 9536K, reserved 1048576K
}
Event: 3191.569 GC heap after
{Heap after GC invocations=1249 (full 4):
 PSYoungGen      total 3072K, used 320K [0x00000000d5580000, 0x00000000d5980000, 0x0000000100000000)
  eden space 2048K, 0% used [0x00000000d5580000,0x00000000d5580000,0x00000000d5780000)
  from space 1024K, 31% used [0x00000000d5780000,0x00000000d57d0000,0x00000000d5880000)
  to   space 512K, 0% used [0x00000000d5900000,0x00000000d5900000,0x00000000d5980000)
 ParOldGen       total 733696K, used 467825K [0x0000000080000000, 0x00000000acc80000, 0x00000000d5580000)
  object space 733696K, 63% used [0x0000000080000000,0x000000009c8dc6c8,0x00000000acc80000)
 Metaspace       used 85095K, committed 86912K, reserved 1179648K
  class space    used 8743K, committed 9536K, reserved 1048576K
}
Event: 3191.642 GC heap before
{Heap before GC invocations=1250 (full 4):
 PSYoungGen      total 3072K, used 2305K [0x00000000d5580000, 0x00000000d5980000, 0x0000000100000000)
  eden space 2048K, 96% used [0x00000000d5580000,0x00000000d5770630,0x00000000d5780000)
  from space 1024K, 31% used [0x00000000d5780000,0x00000000d57d0000,0x00000000d5880000)
  to   space 512K, 0% used [0x00000000d5900000,0x00000000d5900000,0x00000000d5980000)
 ParOldGen       total 733696K, used 467825K [0x0000000080000000, 0x00000000acc80000, 0x00000000d5580000)
  object space 733696K, 63% used [0x0000000080000000,0x000000009c8dc6c8,0x00000000acc80000)
 Metaspace       used 85095K, committed 86912K, reserved 1179648K
  class space    used 8743K, committed 9536K, reserved 1048576K
}
Event: 3191.649 GC heap after
{Heap after GC invocations=1250 (full 4):
 PSYoungGen      total 2560K, used 489K [0x00000000d5580000, 0x00000000d5980000, 0x0000000100000000)
  eden space 2048K, 0% used [0x00000000d5580000,0x00000000d5580000,0x00000000d5780000)
  from space 512K, 95% used [0x00000000d5900000,0x00000000d597a4f8,0x00000000d5980000)
  to   space 1024K, 0% used [0x00000000d5780000,0x00000000d5780000,0x00000000d5880000)
 ParOldGen       total 733696K, used 467953K [0x0000000080000000, 0x00000000acc80000, 0x00000000d5580000)
  object space 733696K, 63% used [0x0000000080000000,0x000000009c8fc6c8,0x00000000acc80000)
 Metaspace       used 85095K, committed 86912K, reserved 1179648K
  class space    used 8743K, committed 9536K, reserved 1048576K
}
Event: 3191.659 GC heap before
{Heap before GC invocations=1251 (full 4):
 PSYoungGen      total 2560K, used 2537K [0x00000000d5580000, 0x00000000d5980000, 0x0000000100000000)
  eden space 2048K, 100% used [0x00000000d5580000,0x00000000d5780000,0x00000000d5780000)
  from space 512K, 95% used [0x00000000d5900000,0x00000000d597a4f8,0x00000000d5980000)
  to   space 1024K, 0% used [0x00000000d5780000,0x00000000d5780000,0x00000000d5880000)
 ParOldGen       total 733696K, used 467953K [0x0000000080000000, 0x00000000acc80000, 0x00000000d5580000)
  object space 733696K, 63% used [0x0000000080000000,0x000000009c8fc6c8,0x00000000acc80000)
 Metaspace       used 85095K, committed 86912K, reserved 1179648K
  class space    used 8743K, committed 9536K, reserved 1048576K
}
Event: 3191.672 GC heap after
{Heap after GC invocations=1251 (full 4):
 PSYoungGen      total 3072K, used 1001K [0x00000000d5580000, 0x00000000d5d00000, 0x0000000100000000)
  eden space 2048K, 0% used [0x00000000d5580000,0x00000000d5580000,0x00000000d5780000)
  from space 1024K, 97% used [0x00000000d5780000,0x00000000d587a4f8,0x00000000d5880000)
  to   space 2560K, 0% used [0x00000000d5a80000,0x00000000d5a80000,0x00000000d5d00000)
 ParOldGen       total 733696K, used 469138K [0x0000000080000000, 0x00000000acc80000, 0x00000000d5580000)
  object space 733696K, 63% used [0x0000000080000000,0x000000009ca24be0,0x00000000acc80000)
 Metaspace       used 85095K, committed 86912K, reserved 1179648K
  class space    used 8743K, committed 9536K, reserved 1048576K
}
Event: 3191.705 GC heap before
{Heap before GC invocations=1252 (full 4):
 PSYoungGen      total 3072K, used 3049K [0x00000000d5580000, 0x00000000d5d00000, 0x0000000100000000)
  eden space 2048K, 100% used [0x00000000d5580000,0x00000000d5780000,0x00000000d5780000)
  from space 1024K, 97% used [0x00000000d5780000,0x00000000d587a4f8,0x00000000d5880000)
  to   space 2560K, 0% used [0x00000000d5a80000,0x00000000d5a80000,0x00000000d5d00000)
 ParOldGen       total 733696K, used 469138K [0x0000000080000000, 0x00000000acc80000, 0x00000000d5580000)
  object space 733696K, 63% used [0x0000000080000000,0x000000009ca24be0,0x00000000acc80000)
 Metaspace       used 85095K, committed 86912K, reserved 1179648K
  class space    used 8743K, committed 9536K, reserved 1048576K
}
Event: 3191.719 GC heap after
{Heap after GC invocations=1252 (full 4):
 PSYoungGen      total 4608K, used 1888K [0x00000000d5580000, 0x00000000d5c80000, 0x0000000100000000)
  eden space 2560K, 0% used [0x00000000d5580000,0x00000000d5580000,0x00000000d5800000)
  from space 2048K, 92% used [0x00000000d5a80000,0x00000000d5c58000,0x00000000d5c80000)
  to   space 2048K, 0% used [0x00000000d5880000,0x00000000d5880000,0x00000000d5a80000)
 ParOldGen       total 733696K, used 470188K [0x0000000080000000, 0x00000000acc80000, 0x00000000d5580000)
  object space 733696K, 64% used [0x0000000080000000,0x000000009cb2b0d8,0x00000000acc80000)
 Metaspace       used 85095K, committed 86912K, reserved 1179648K
  class space    used 8743K, committed 9536K, reserved 1048576K
}
Event: 3191.752 GC heap before
{Heap before GC invocations=1253 (full 4):
 PSYoungGen      total 4608K, used 4448K [0x00000000d5580000, 0x00000000d5c80000, 0x0000000100000000)
  eden space 2560K, 100% used [0x00000000d5580000,0x00000000d5800000,0x00000000d5800000)
  from space 2048K, 92% used [0x00000000d5a80000,0x00000000d5c58000,0x00000000d5c80000)
  to   space 2048K, 0% used [0x00000000d5880000,0x00000000d5880000,0x00000000d5a80000)
 ParOldGen       total 733696K, used 470188K [0x0000000080000000, 0x00000000acc80000, 0x00000000d5580000)
  object space 733696K, 64% used [0x0000000080000000,0x000000009cb2b0d8,0x00000000acc80000)
 Metaspace       used 85095K, committed 86912K, reserved 1179648K
  class space    used 8743K, committed 9536K, reserved 1048576K
}
Event: 3191.774 GC heap after
{Heap after GC invocations=1253 (full 4):
 PSYoungGen      total 5120K, used 2034K [0x00000000d5580000, 0x00000000d6180000, 0x0000000100000000)
  eden space 3072K, 0% used [0x00000000d5580000,0x00000000d5580000,0x00000000d5880000)
  from space 2048K, 99% used [0x00000000d5880000,0x00000000d5a7c9f0,0x00000000d5a80000)
  to   space 4608K, 0% used [0x00000000d5d00000,0x00000000d5d00000,0x00000000d6180000)
 ParOldGen       total 733696K, used 472252K [0x0000000080000000, 0x00000000acc80000, 0x00000000d5580000)
  object space 733696K, 64% used [0x0000000080000000,0x000000009cd2f0d8,0x00000000acc80000)
 Metaspace       used 85095K, committed 86912K, reserved 1179648K
  class space    used 8743K, committed 9536K, reserved 1048576K
}
Event: 3192.735 GC heap before
{Heap before GC invocations=1254 (full 4):
 PSYoungGen      total 5120K, used 5106K [0x00000000d5580000, 0x00000000d6180000, 0x0000000100000000)
  eden space 3072K, 100% used [0x00000000d5580000,0x00000000d5880000,0x00000000d5880000)
  from space 2048K, 99% used [0x00000000d5880000,0x00000000d5a7c9f0,0x00000000d5a80000)
  to   space 4608K, 0% used [0x00000000d5d00000,0x00000000d5d00000,0x00000000d6180000)
 ParOldGen       total 733696K, used 472252K [0x0000000080000000, 0x00000000acc80000, 0x00000000d5580000)
  object space 733696K, 64% used [0x0000000080000000,0x000000009cd2f0d8,0x00000000acc80000)
 Metaspace       used 85096K, committed 86912K, reserved 1179648K
  class space    used 8743K, committed 9536K, reserved 1048576K
}
Event: 3192.757 GC heap after
{Heap after GC invocations=1254 (full 4):
 PSYoungGen      total 4608K, used 256K [0x00000000d5580000, 0x00000000d5d80000, 0x0000000100000000)
  eden space 4096K, 0% used [0x00000000d5580000,0x00000000d5580000,0x00000000d5980000)
  from space 512K, 50% used [0x00000000d5d00000,0x00000000d5d40000,0x00000000d5d80000)
  to   space 2048K, 0% used [0x00000000d5980000,0x00000000d5980000,0x00000000d5b80000)
 ParOldGen       total 733696K, used 472388K [0x0000000080000000, 0x00000000acc80000, 0x00000000d5580000)
  object space 733696K, 64% used [0x0000000080000000,0x000000009cd510d8,0x00000000acc80000)
 Metaspace       used 85096K, committed 86912K, reserved 1179648K
  class space    used 8743K, committed 9536K, reserved 1048576K
}

